Exporter version: 5.0.5, Blender version: 2.78 (sub 0)
========= Conversion from Blender to Babylon.js =========
	Scene settings used:
		selected layers only:  false
		flat shading entire scene:  false
		inline textures:  false
		texture directory:  /Users/brsmith/Dropbox/design_tricks/vector/max/
	Python World class constructor completed
	processing begun of skeleton:  Max, id:  0
		processing begun of bone:  Root, index:  0
		processing begun of bone:  pelvis, index:  1
		processing begun of bone:  spine_01, index:  2
		processing begun of bone:  spine_02, index:  3
		processing begun of bone:  spine_03, index:  4
		processing begun of bone:  clavicle_l, index:  5
		processing begun of bone:  upperarm_l, index:  6
		processing begun of bone:  lowerarm_l, index:  7
		processing begun of bone:  hand_l, index:  8
		processing begun of bone:  index_01_l, index:  9
		processing begun of bone:  index_02_l, index:  10
		processing begun of bone:  index_03_l, index:  11
		processing begun of bone:  middle_01_l, index:  12
		processing begun of bone:  middle_02_l, index:  13
		processing begun of bone:  middle_03_l, index:  14
		processing begun of bone:  pinky_01_l, index:  15
		processing begun of bone:  pinky_02_l, index:  16
		processing begun of bone:  pinky_03_l, index:  17
		processing begun of bone:  ring_01_l, index:  18
		processing begun of bone:  ring_02_l, index:  19
		processing begun of bone:  ring_03_l, index:  20
		processing begun of bone:  thumb_01_l, index:  21
		processing begun of bone:  thumb_02_l, index:  22
		processing begun of bone:  thumb_03_l, index:  23
		processing begun of bone:  clavicle_r, index:  24
		processing begun of bone:  upperarm_r, index:  25
		processing begun of bone:  lowerarm_r, index:  26
		processing begun of bone:  hand_r, index:  27
		processing begun of bone:  index_01_r, index:  28
		processing begun of bone:  index_02_r, index:  29
		processing begun of bone:  index_03_r, index:  30
		processing begun of bone:  middle_01_r, index:  31
		processing begun of bone:  middle_02_r, index:  32
		processing begun of bone:  middle_03_r, index:  33
		processing begun of bone:  pinky_01_r, index:  34
		processing begun of bone:  pinky_02_r, index:  35
		processing begun of bone:  pinky_03_r, index:  36
		processing begun of bone:  ring_01_r, index:  37
		processing begun of bone:  ring_02_r, index:  38
		processing begun of bone:  ring_03_r, index:  39
		processing begun of bone:  thumb_01_r, index:  40
		processing begun of bone:  thumb_02_r, index:  41
		processing begun of bone:  thumb_03_r, index:  42
		processing begun of bone:  neck_01, index:  43
		processing begun of bone:  head, index:  44
		processing begun of bone:  thigh_l, index:  45
		processing begun of bone:  calf_l, index:  46
		processing begun of bone:  foot_l, index:  47
		processing begun of bone:  ball_l, index:  48
		processing begun of bone:  thigh_r, index:  49
		processing begun of bone:  calf_r, index:  50
		processing begun of bone:  foot_r, index:  51
		processing begun of bone:  ball_r, index:  52
	processing begun of mesh:  Max:Male_elegantsuit01
		processing begun of Standard material:  Max:Male_elegantsuit01:Male_elegantsuit01
			Diffuse texture found "male_elegantsuit01_diffuse"
				Image texture found, type:  diffuseTexture, mapped using: "UVMap"
				WARNING: Opacity non-std way to indicate opacity, use material alpha to also use Opacity texture
		num positions      :  9435
		num normals        :  9435
		num uvs            :  18870
		num uvs2           :  0
		num colors         :  0
		num indices        :  44868
		Skeleton stats:  
			Total Influencers:  30393
			Avg # of influencers per vertex:  3.2213
			Highest # of influencers observed:  6, num vertices with this:  227
			exported as 6 influencers
			num skeletonWeights and skeletonIndices:  75480
	processing begun of mesh:  Max:Eyebrow002
		processing begun of Standard material:  Max:Eyebrow002:Eyebrow002
			Diffuse texture found "eyebrow002"
				Image texture found, type:  diffuseTexture, mapped using: "UVMap"
				WARNING: Opacity non-std way to indicate opacity, use material alpha to also use Opacity texture
		num positions      :  124
		num normals        :  124
		num uvs            :  248
		num uvs2           :  0
		num colors         :  0
		num indices        :  576
		Skeleton stats:  
			Total Influencers:  124
			Avg # of influencers per vertex:  1
			Highest # of influencers observed:  1, num vertices with this:  124
			exported as 1 influencers
			num skeletonWeights and skeletonIndices:  496
	processing begun of mesh:  Max:Low-poly
		processing begun of Standard material:  Max:Low-poly:Eye_brown
			Diffuse texture found "brown_eye"
				Image texture found, type:  diffuseTexture, mapped using: "UVMap"
				WARNING: Opacity non-std way to indicate opacity, use material alpha to also use Opacity texture
		num positions      :  96
		num normals        :  96
		num uvs            :  192
		num uvs2           :  0
		num colors         :  0
		num indices        :  516
		Skeleton stats:  
			Total Influencers:  96
			Avg # of influencers per vertex:  1
			Highest # of influencers observed:  1, num vertices with this:  96
			exported as 1 influencers
			num skeletonWeights and skeletonIndices:  384
	processing begun of mesh:  Max:Short04
		processing begun of Standard material:  Max:Short04:Short04
			Diffuse texture found "short04_diffuse"
				Image texture found, type:  diffuseTexture, mapped using: "UVMap"
				WARNING: Opacity non-std way to indicate opacity, use material alpha to also use Opacity texture
		num positions      :  1028
		num normals        :  1028
		num uvs            :  2056
		num uvs2           :  0
		num colors         :  0
		num indices        :  3150
		Skeleton stats:  
			Total Influencers:  1465
			Avg # of influencers per vertex:  1.4251
			Highest # of influencers observed:  4, num vertices with this:  21
			exported as 4 influencers
			num skeletonWeights and skeletonIndices:  4112
	processing begun of mesh:  Max:Proxy741
		processing begun of Standard material:  Max:Proxy741:Middleage_cauasian_male
			Diffuse texture found "middleage_lightskinned_male_diffuse"
				Image texture found, type:  diffuseTexture, mapped using: "UVMap"
				WARNING: Opacity non-std way to indicate opacity, use material alpha to also use Opacity texture
		num positions      :  877
		num normals        :  877
		num uvs            :  1754
		num uvs2           :  0
		num colors         :  0
		num indices        :  3012
		Skeleton stats:  
			Total Influencers:  1803
			Avg # of influencers per vertex:  2.0559
			Highest # of influencers observed:  6, num vertices with this:  7
			exported as 6 influencers
			num skeletonWeights and skeletonIndices:  7016
	processing begun of mesh:  Cube
		processing begun of Standard material:  lineMat
		num positions      :  8
		num normals        :  8
		num uvs            :  0
		num uvs2           :  0
		num colors         :  0
		num indices        :  36
	processing begun of mesh:  Glasses
		processing begun of Standard material:  Shadesplastic
		num positions      :  1142
		num normals        :  1142
		num uvs            :  0
		num uvs2           :  0
		num colors         :  0
		num indices        :  6864
	processing begun of mesh:  Arm.R_Plane.005
		registered as also a user of material:  Shadesplastic
		num positions      :  434
		num normals        :  434
		num uvs            :  0
		num uvs2           :  0
		num colors         :  0
		num indices        :  2592
	processing begun of mesh:  Flash1_Cube
		processing begun of Standard material:  Glossy
		num positions      :  52
		num normals        :  52
		num uvs            :  0
		num uvs2           :  0
		num colors         :  0
		num indices        :  288
	processing begun of mesh:  Arm.L_Plane.013
		registered as also a user of material:  Shadesplastic
		num positions      :  434
		num normals        :  434
		num uvs            :  0
		num uvs2           :  0
		num colors         :  0
		num indices        :  2592
	processing begun of mesh:  Lenses_Plane.003
		processing begun of Standard material:  Lenses
		num positions      :  392
		num normals        :  392
		num uvs            :  0
		num uvs2           :  0
		num colors         :  0
		num indices        :  2328
	processing begun of camera (FreeCamera):  Camera
	processing begun of light (SUN):  Sun
	processing begun of light (POINT):  Lamp
========= Writing of scene file started =========
========= Writing of scene file completed =========
========= end of processing =========
elapsed time:  0 min, 8.1952 secs
